[   0.000] Linuxvesion 4150-34geric (bild@lgw01-am64-047 (cc vrsn 7.0 Ubunu 3.0-ubntu3 #7-Ubuntu SMP Mon Aug 275:218 UTC 018 (Uunu 4.5.34.3-geric 41518)
[    0000000] Commnd lneBOOT_IMAE=/boo/vlinu-45.0--gneri rot=ID35dd8d0-68-4f-b7f-8f51e74694 ro console=ty1consoletyS0
[   .0000] KRNL suportedcpus
    0.0000] Inte Guinent
[  000000]  MDAuthntcAD[   0.0000  Centa Cenauauls
[   000000]x86/fpu: Supporting XSAVE feature 0x001: 'x87 floating point registers'
[    0.000000] x86/fpu: Supporting XSAVE feature 0x002: 'SSE registers'
[    0.000000] x86/fpu: upporting XSAVE feature 0x004: 'AVX registers'
[    0.000000] x86/fp xstate_offset[2]:  576, xstate_sizes[2]:  256
[    0.000000] x86/fpu: Enabled xstate features 0x7, context size is 832 bytes, using 'standard' format.
[    0.00000] e820: BOS-provided physical RAM map:
[    0.000000] BIOS-e820: [mem 000000000000000-0x000000000009fbff] usabl
  0.000000] BIOS-e820: [mem 0x000000000009fc00-0x000000000009ffff] reserved
[    0.000000] BIOS-e820: [mem 0x00000000000f0000-0x00000000000fffff] reserved
[    0.000000] BIOS-e820: [mem 0x0000000000100000-0x000000003ffeffff] usable
[    0.000000] BIOS-e820: [mem 0x000000003fff0000-0x000000003fffffff] ACPI data
[    0.000000] BIOS-e820: [mem 0x00000000fec00000-0x0000000fe0ff] reserve
    0.000000] BIOS-e820: [mem 0x00000000fee00000-0x00000000fee00fff] reserved
[    0.000000] BIOS-e820: [mem 0x00000000fffc0000x00000000ffffffff] reserved
[    0.000000] NX (Execut Disabl protection: actie
[  0.0000 SMBIS .5 pesnt.[    0.00000 DMI: innotek GmbH VirtuaBox/VitulBox, BIOS VirtualBox 12/01/2006
[    0.0000] Hypervisor detected: KVM
[    0.000000] e820: last_pfn = 0x3fff0 max_arch_pfn = 0x400000000
[    0.000000] MTRR: Disabled
[    0.000000] x86/PAT: MTRRs disabled, kiping PAT iniiaizatontoo.
[    0.00000] CPU MTRRs all blank - virualized systm.
[    0.000000] x86/PT: Configuration [0-7]: B  WT  UC- UC  WB  WT  UC- UC  
[    0.000000] found SMP MP-ble at [mem 0x0009fff0-0x0009ffff] mapped at [        (ptrval)]
[    0.0000]Scannin1 areas for l memory couptio
[  0.0000] AMDISK: [mem 0x3595000-0x36ce1fff]
[    0.000000] ACPI: Early tbl chksm erfiation dsaled
[  0.0000 API: SD 0x000000000000 0024 (v02 BOX  )[   00000]CP: XSDT0x00000003FF030 000 (v01 BO   VBOXSDT 000001 AL 000061
[  0.0000] ACPIFACP 0x000003FF00 000F4 (04 VX   OXFACP 00000001 AS  000061
[   0.0000]CPI: DSDT 0x000000FF470 02FF (02BOX VBOXIO 000002 INL 010058)
[   00000] ACPI: CS0x00000003FF020 0004
[   00000 ACPI:FAS 0x00000FF020 000
[   0.000000] ACPI: APIC0x00000003FFF0240 00005C (v02 VBOX   VBOXAPIC 00000001 ASL  00000061)
[    0.000000] ACPI: SSDT 0x000000003FFF02A0 0001CC (v01 VBOX   VBOXCPUT 00000002 INTL 20100528)
[    0.000000] No NUMA configuration found
[    0.0000] Faking a node at [m 0x000000000000x00000003ffeffff]
[  0.000] NODE_DATA) allated[m 0x3ffc00-0x3feff][   0.00000] vm-clock: cpu 0, msr 0:3ff44001, primary cpu clock
[    0.000000] kvm-clock: Using msrs 4b564d01 and 4b564d00
[    0.000000] kvm-clock: using schedoffset f 7941207 cycls
[   .0000]clocksrce:kv-clo: mask 0ffffffffffffffma_cyces 0x1c42dffbmax_lens: 81905948 ns
[    000000]one rage:
[  0.0000]   DMA     [me 0x0000000000100-0x0000000ffff]
[  0.000]   MA2    em0x0000010000-0000003ffeff]
[    0.000000]   Normal   empty[    000000]  Deic  mpty
[   0000000] Movablezoe start for each noe
[  0.0000Earlyemornoe rage
[  0.0000   node   0: me 0x000000000100-0x00000000fff]
   0.0000]   node   0: [mem 0x0000000000100000-x00000003fefff]
    .00000] item sep node [me0x0000000001000x000003fefff
    00000 Reseve butnavalale: 98 pes
   0.0000] AC: PMTier IOPort: 0408
[    0.0000] OAIC[0] aic_ 2 veron 3, dres 0ec0000 GSI 0-
[    000000] ACPI: INT_SRC_OVR (bus 0 bus_irq0 loba_iq 2 dfl df)
[  0.00000]ACPIIN_SRC_OV(bus busirq 9 gobl_irq low lel)
[    0.00000] ing ACI MAT)or SMconfgutioninrmatn
[  .0000] smpboot Allwing2 PU 0hotpg PUs
[   0.00000]PM: Reiserednosave memory [em 000000-x00000ff
[   0.00000] P: egisred ose mery: em 00009000-009ff]
[  .00000] M: Risered nosave memy:[mem 0x0a0000-0x00fff]
   00000] M:Restred osvememoy:[m 0x00f000-0x00fff]
  0.00000]e820: [mem 0x0000000-0xfebffff available fr PCI evces
[  0.000] Botig parairtualized kernel  KVM
[   000000] closoure:efind-iffi: mask 0ffffffff max_cycles: 0xffffffff, max_idle_ns:7651960021158 s
[  0.00000 ranm: g_ranombytes calledfrm tat_erne0x99x4fdwih crng_init=
[   .00000setup_rcpu N_CPUS:92 nr_cmaskbis: ncp_ids2 r_no_ids:1
[    0.000000] percpu: Embeed 4 pge/c @      (prvl)s1152 r89228672 u1048576
[    0.000000] PV qspilok hah tale etres: 25 (rder: 0,4096byes)[    0000 Bilt zoelists, moblity guping n. Tot pges:5713
[  0.000] Poliy one:DM32
  0.0000] Kernel comman lne: OOT_IAGE=oo/vmlnu-4.15.-3-generi rot=UID5dd8d0d-b1-4f0bbf-85f5217494 ro onole=ty conlettyS0
[    0.000000] emry: 306K/1048120K avaibl (1230Kkerne cde, 241K rwdata, 424Krodata 208K init, 2416K bss, 65044K reserved, 0K cma-reserved)
   0.00000SLUBHWlign=6, rder=0, MinObjecs=0,CPs=2, Nes=1
[   0.0000 KrnelUsr pa tbl iolatio: aabled
[   00000] trceallocating 39147 entries in 153 pages
[   0.0400 Herarchca RCUimlemention.
[  0.0000] 	RCUretrictngCPUsfro N_CUS=81 to nr_cp_ids=2.
[    0.004000] 	Tasks RCU enabled.
[    0.004000] CU: djsting geometry for rcu_fanout_leaf=16, nr_cpu_ids=2
[    0.004000] NR_IRQS: 524544, nr_irqs: 440, preallocated irqs: 16
[    0.004000] Console: colour VGA+ 80x25
[    0.004000] console [tty1] enabled
[    0.004000] console [ttyS0] enabled
[    0.004000] ACPI: Core revision 20170831
[    0.004000] ACPI: 2 ACPI AML taes scesfully acired and loded
[    0.004000] APIC: Switch to symetric I/O mode setup
[    0.004236] x2apic enabled
[    0.008004] Switched APIC routing to physical x2apic.
[    0.012905] ..TIMER: vector=0x30 apic1=0 pin1=2 apic2=-1 pin2=-1
[    0.016006] tsc: Detected 2303.998 MHz processor
[    0.020012] Calibrating delay loop (skipped) preset value.. 4607.99 BogoMIPS (lpj=9215992)
[    0.024003] pid_max: default: 32768 minimum: 301
[    0.025146] Security Framework initialized
[    0.026186] Yama: becoming mindful.
[    0.028030] AppArmor: AppArmor initialized
[    0.032055] Dentry cache hash table entries: 131072 (order: 8, 1048576 bytes)
[    0.036082] Inode-cache hash table entries: 65536 (order: 7, 524288 bytes)
[    0.037687] Mount-cache hash table entries: 2048 (order: 2, 16384 bytes)
[    0.040005] Mountpoint-cache hash table entries: 2048 (order: 2, 16384 bytes)
[    0.044224] mce: CPU supports 0 MCE banks
[    0.045222] Last level iTLB entries: 4KB 64, 2MB 8, 4MB 8
[    0.046502] Last level dTLB entries: 4KB 64, 2MB 0, 4MB 0, 1GB 4
[    0.048007] Spectre V2 : Mitigation: Full generic retpoline
[    0.052007] Spectre V2 : Spectre v2 mitigation: Filling RSB on context switch
[    0.056007] Speculative Store Bypass: Vulnerable
[    0.060102] Freeing SMP alternatives memory: 36K
[    0.068000] smpboot: CPU0: Intel(R) Core(TM) i5-7360U CPU @ 2.30GHz (family: 0x6, model: 0x8e, stepping: 0x9)
[    0.068098] Performance Events: unsupported p6 CPU model 142 no PMU driver, software events only.
[    0.072076] Hierarchical SRCU implementation.
[    0.076544] NMI watchdog: Perf event create on CPU 0 failed with -2
[    0.080008] NMI watchdog: Perf NMI watchdog permanently disabled
[    0.084066] smp: Bringing up secondary CPUs ...
[    0.088094] x86: Booting SMP configuration:
[    0.089120] .... node  #0, CPUs:      #1
[    0.004000] kvm-clock: cpu 1, msr 0:3ff44041, secondary cpu clock
[    0.004000] mce: CPU supports 0 MCE banks
[    0.100019] smp: Brought up 1 node, 2 CPUs
[    0.104009] smpboot: Max logical packages: 1
[    0.108010] smpboot: Total of 2 processors activated (9215.99 BogoMIPS)
[    0.112156] devtmpfs: initialized
[    0.116071] x86/mm: Memory block size: 128MB
[    0.120157] evm: security.selinux
[    0.124010] evm: security.SMACK64
[    0.128006] evm: security.SMACK64EXEC
[    0.132006] evm: security.SMACK64TRANSMUTE
[    0.136006] evm: security.SMACK64MMAP
[    0.140006] evm: security.apparmor
[    0.144005] evm: security.ima
[    0.148004] evm: security.capability
[    0.152113] clocksource: jiffies: mask: 0xffffffff max_cycles: 0xffffffff, max_idle_ns: 7645041785100000 ns
[    0.156018] futex hash table entries: 512 (order: 3, 32768 bytes)
[    0.160084] pinctrl core: initialized pinctrl subsystem
[    0.165550] RTC time: 11:57:45, date: 09/19/18
[    0.168244] NET: Registered protocol family 16
[    0.172093] audit: initializing netlink subsys (disabled)
[    0.176057] audit: type=2000 audit(1537358244.942:1): state=initialized audit_enabled=0 res=1
[    0.452011] cpuidle: using governor ladder
[    0.456019] cpuidle: using governor menu
[    0.460128] ACPI: bus type PCI registered
[    0.464009] acpiphp: ACPI Hot Plug PCI Controller Driver version: 0.5
[    0.468117] PCI: Using configuration type 1 for base access
[    0.472848] HugeTLB registered 2.00 MiB page size, pre-allocated 0 pages
[    0.476081] ACPI: Added _OSI(Module Device)
[    0.480008] ACPI: Added _OSI(Processor Device)
[    0.484009] ACPI: Added _OSI(3.0 _SCP Extensions)
[    0.488008] ACPI: Added _OSI(Processor Aggregator Device)
[    0.492010] ACPI: Added _OSI(Linux-Dell-Video)
[    0.496010] ACPI: Added _OSI(Linux-Lenovo-NV-HDMI-Audio)
[    0.500376] ACPI: Executed 1 blocks of module-level executable AML code
[    0.509762] ACPI: Interpreter enabled
[    0.512016] ACPI: (supports S0 S5)
[    0.516009] ACPI: Using IOAPIC for interrupt routing
[    0.520236] PCI: Using host bridge windows from ACPI; if necessary, use "pci=nocrs" and report a bug
[    0.524503] ACPI: Enabled 2 GPEs in block 00 to 07
[    0.541070] ACPI: PCI Root Bridge [PCI0] (domain 0000 [bus 00-ff])
[    0.544020] acpi PNP0A03:00: _OSC: OS supports [ASPM ClockPM Segments MSI]
[    0.548053] acpi PNP0A03:00: _OSC: not requesting OS control; OS requires [ExtendedConfig ASPM ClockPM MSI]
[    0.552022] acpi PNP0A03:00: fail to add MMCONFIG information, can't access extended PCI configuration space under this bridge.
[    0.556435] PCI host bridge to bus 0000:00
[    0.560011] pci_bus 0000:00: root bus resource [io  0x0000-0x0cf7 window]
[    0.564010] pci_bus 0000:00: root bus resource [io  0x0d00-0xffff window]
[    0.568010] pci_bus 0000:00: root bus resource [mem 0x000a0000-0x000bffff window]
[    0.572012] pci_bus 0000:00: root bus resource [mem 0x40000000-0xfdffffff window]
[    0.576010] pci_bus 0000:00: root bus resource [bus 00-ff]
[    0.582589] pci 0000:00:01.1: legacy IDE quirk: reg 0x10: [io  0x01f0-0x01f7]
[    0.584010] pci 0000:00:01.1: legacy IDE quirk: reg 0x14: [io  0x03f6]
[    0.588010] pci 0000:00:01.1: legacy IDE quirk: reg 0x18: [io  0x0170-0x0177]
[    0.592020] pci 0000:00:01.1: legacy IDE quirk: reg 0x1c: [io  0x0376]
[    0.610895] pci 0000:00:07.0: quirk: [io  0x4000-0x403f] claimed by PIIX4 ACPI
[    0.612030] pci 0000:00:07.0: quirk: [io  0x4100-0x410f] claimed by PIIX4 SMB
[    0.627464] ACPI: PCI Interrupt Link [LNKA] (IRQs 5 9 10 *11)
[    0.628312] ACPI: PCI Interrupt Link [LNKB] (IRQs 5 9 *10 11)
[    0.632160] ACPI: PCI Interrupt Link [LNKC] (IRQs 5 *9 10 11)
[    0.636159] ACPI: PCI Interrupt Link [LNKD] (IRQs 5 9 10 *11)
[    0.640433] SCSI subsystem initialized
[    0.644081] pci 0000:00:02.0: vgaarb: setting as boot VGA device
[    0.645457] pci 0000:00:02.0: vgaarb: VGA device added: decodes=io+mem,owns=io+mem,locks=none
[    0.648006] pci 0000:00:02.0: vgaarb: bridge control possible
[    0.652008] vgaarb: loaded
[    0.656086] ACPI: bus type USB registered
[    0.660050] usbcore: registered new interface driver usbfs
[    0.664035] usbcore: registered new interface driver hub
[    0.668049] usbcore: registered new device driver usb
[    0.672094] EDAC MC: Ver: 3.0.0
[    0.676295] PCI: Using ACPI for IRQ routing
[    0.680370] NetLabel: Initializing
[    0.684007] NetLabel:  domain hash size = 128
[    0.688006] NetLabel:  protocols = UNLABELED CIPSOv4 CALIPSO
[    0.692033] NetLabel:  unlabeled traffic allowed by default
[    0.700078] clocksource: Switched to clocksource kvm-clock
[   0.37] S:isquotas quot_.60
[  1870]FSDqt-chha tlentes51(ode0,09byes

[    19848Aprmr: ApArorilysm abd  2.70] p:nPCPin
   2579]np P AI:ound dices

[   3280844] clocksource: acpi_pm: mask: 0xffffff max_cycles: 0xffffff, max_idle_ns: 2085702ns[  3748]ETRestedrocofaly
[    400002TCP talish hh blenris:812 rd:  636yt)
[    4.340]CPinha tlenties:19 (order:, 10 bes
[   407642]TC: shtaesongud stablished 8192 bind 8192)

[    5.8456UDha tlentes 512 (orr:, 63 bes
[  6362]UDP-Lteha tlentes51(oer2,63 btes)
[   1512NE Risreproc fil1
[   .6631pc000::00:Liiting direct PCI/PCI tranfes
[    8.170884] pci 0000:00:01.0: Activti I D hg orrods
[    8.540] i 000:.0: Video evice with shaow R a[m 000c000x000dff]
[    92644 Uacngniam..

[   10.044708] Freeing initrd memory: 19508K
[   10.066195] platform rtc_cmos: registered platform RTC device (no PNP device found)
[   10.114538] Scanning for low memory corruption every 60 seconds
[   10.170134] Initialise system trusted keyrings
[   10.235460] Key type blacklist registered
[   10.236626] workingset: timestamp_bits=36 max_order=18 bucket_order=0
[   10.248105] zbud: loaded
[   10.249277] squashfs: version 4.0 (2009/01/31) Phillip Lougher
[   10.335992] fuse init (API version 7.26)
[   10.356770] Key type asymmetric registered
[   10.395036] Asymmetric key parser 'x509' registered
[   10.410648] Block layer SCSI generic (bsg) driver version 0.4 loaded (major 246)
[   10.416766] io scheduler noop registered
[   10.456928] io scheduler deadline registered
[   10.501933] io scheduler cfq registered (default)
[   10.593638] ACPI: AC Adapter [AC] (on-line)
[   10.626005] input: Power Button as /devices/LNXSYSTM:00/LNXPWRBN:00/input/input0
[   10.732453] ACPI: Power Button [PWRF]
[   10.826597] input: Sleep Button as /devices/LNXSYSTM:00/LNXSLPBN:00/input/input1
[   10.956927] ACPI: Sleep Button [SLPF]
[   0.22] CP: Battery otBA] baerpren)
[   15574ts Rin T cckur cibti: 04173 MHz
[   11.554600] Serial: 8250/16550drve, 2 rts,RQhangnaed
[   12.207331] 00:02: ttyS0 at I/O 0x3f8 (irq = 4, base_baud = 115200) is a 16550A
[   12.602961] Linux agpgart interface v0.103
[   12.669693] clocksource: tsc: mask: 0xffffffffffffffff max_cycles: 0x21369b40199, max_idle_ns: 440795252376 ns
[   12.830400] loop: module loaded
[   12.852182] scsi host0: ata_piix
[   12.887324] scsi host1: ata_piix
[   12.899537] ata1: PATA max UDMA/33 cmd 0x1f0 ctl 0x3f6 bmdma 0xd000 irq 14
[   12.901185] ata2: PATA max UDMA/33 cmd 0x170 ctl 0x376 bmdma 0xd008 irq 15
[   12.902906] libphy: Fixed MDIO Bus: probed
[   12.929597] tun: Universal TUN/TAP device driver, 1.6
[   12.930911] PPP generic driver version 2.4.2
[   12.947543] ehci_hcd: USB 2.0 'Enhanced' Host Controller (EHCI) Driver
[   12.959217] ehci-pci: EHCI PCI platform driver
[   12.977643] ehci-platform: EHCI generic platform driver
[   12.978921] ohci_hcd: USB 1.1 'Open' Host Controller (OHCI) Driver
[   12.980413] ohci-pci: OHCI PCI platform driver
[   12.981503] ohci-platform: OHCI generic platform driver
[   12.982762] uhci_hcd: USB Universal Host Controller Interface driver
[   13.033488] i8042: PNP: PS/2 Controller [PNP0303:PS2K,PNP0f03:PS2M] at 0x60,0x64 irq 1,12
[   13.198401] serio: i8042 KBD port at 0x60,0x64 irq 1
[   13.279227] serio: i8042 AUX port at 0x60,0x64 irq 12
[   13.280767] mousedev: PS/2 mouse device common for all mice
[   13.283913] input: AT Translated Set 2 keyboard as /devices/platform/i8042/serio0/input/input2
[   13.287607] rtc_cmos rtc_cmos: rtc core: registered rtc_cmos as rtc0
[   13.333984] rtc_cmos rtc_cmos: alarms up to one day, 114 bytes nvram
[   13.405543] i2c /dev entries driver
[   13.422462] device-mapper: uevent: version 1.0.3
[   13.423724] device-mapper: ioctl: 4.37.0-ioctl (2017-09-20) initialised: dm-devel@redhat.com
[   13.507158] ledtrig-cpu: registered to indicate activity on CPUs
[   13.653395] NET: Registered protocol family 10
[   13.721107] Segment Routing with IPv6
[   13.788501] NET: Registered protocol family 17
[   13.849880] Key type dns_resolver registered
[   13.912701] RAS: Correctable Errors collector initialized.
[   13.956408] sched_clock: Marking stable (13956366696, 0)->(45970856533, -32014489837)
[   14.054320] registered taskstats version 1
[   14.106801] Loading compiled-in X.509 certificates
[   14188392] Loaded X.509 cert 'Build time autogenerated kernel key: 197c80222fd2638086c51a9b9e4961ca73d6ea07'
[   14.382181] zswap: loaded using pool lzo/zbud
[   14.449394] Key type big_key registered
[   14.525985] Key type trusted registered
[   14.602109] Key type encrypted registered
[   14.684337] AppArmor: AppArmor sha1 policy hashing enabled
[   14.776402] ima: No TPM chip found, activating TPM-bypass! (rc=-19)
[   14.911682] ima: Allocated hash algorithm: sha1
[   14.944373] evm: HMAC attrs: 0x1
[   15.028050]   Magic number: 2:56:985
[   15.126248] rtc_cmos rtc_cmos: setting system clock to 2018-09-19 11:58:04 UTC (1537358284)
[   15.277275] BIOS EDD facility v0.16 2004-Jun-25, 0 devices found
[   15.357876] EDD information not available.
[   15.457793] Freeing unused kernel memory: 2408K
[   15.816984] Write protecting the kernel read-only data: 20480k
[   16.931566] Freeing unused kernel memory: 2008K
[   16.940802] Freeing unused kernel memory: 1900K
[   17.619571] x86/mm: Checked W+X mappings: passed, no W+X pages found.
[   18.987282] x86/mm: Checking user space page tables
[   19.999402] x86/mm: Checked W+X mappings: passed, no W+X pages found.
Loading, please wait...
starting version 237
[   21.282048] e1000: Intel(R) PRO/1000 Network Driver - version 7.3.21-k8-NAPI
[   21.346553] e1000: Copyright (c) 1999-2006 Intel Corporation.
[   21.386869] Fusion MPT base driver 3.04.20
[   21.413587] Copyright (c) 1999-2008 LSI Corporation
[   21.423618] AVX2 version of gcm_enc/dec engaged.
[   21.435292] AES CTR mode by8 optimization enabled
[   21.438802] Fusion MPT SPI Host driver 3.04.20
[   21.640209] input: ImExPS/2 Generic Explorer Mouse as /devices/platform/i8042/serio1/input/input4
[   21.889600] e1000 0000:00:03.0 eth0: (PCI:33MHz:32-bit) 02:bb:34:5d:fb:cd
[   21.898288] e1000 0000:00:03.0 eth0: Intel(R) PRO/1000 Network Connection
[   21.900816] mptbase: ioc0: Initiating bringup
[   22.517356] ioc0: LSI53C1030 A0: Capabilities={Initiator}
[   24.090473] scsi host2: ioc0: LSI53C1030 A0, FwRev=00000000h, Ports=1, MaxQ=256, IRQ=20
[   25.158182] scsi 2:0:0:0: Direct-Access     VBOX     HARDDISK         1.0  PQ: 0 ANSI: 5
[   25.536484] scsi target2:0:0: Beginning Domain Validation
[   25.565957] e1000 0000:00:08.0 eth1: (PCI:33MHz:32-bit) 08:00:27:5d:20:d6
[   25.565962] e1000 0000:00:08.0 eth1: Intel(R) PRO/1000 Network Connection
[   25.577747] e1000 0000:00:03.0 enp0s3: renamed from eth0
[   25.621609] scsi target2:0:0: Domain Validation skipping write tests
[   25.633589] scsi target2:0:0: Ending Domain Validation
[   25.634980] scsi target2:0:0: asynchronous
[   25.642720] e1000 0000:00:08.0 enp0s8: renamed from eth1
[   25.869978] scsi 2:0:1:0: Direct-Access     VBOX     HARDDISK         1.0  PQ: 0 ANSI: 5
[   26.140219] scsi target2:0:1: Beginning Domain Validation
[   26.168511] random: fast init done
[   26.392714] scsi target2:0:1: Domain Validation skipping write tests
[   26.467236] scsi target2:0:1: Ending Domain Validation
[   26.492786] scsi target2:0:1: asynchronous
[   26.517070] random: systemd-udevd: uninitialized urandom read (16 bytes read)
[   26.517271] sd 2:0:0:0: Attached scsi generic sg0 type 0
[   26.517695] sd 2:0:1:0: Attached scsi generic sg1 type 0
[   26.806014] random: systemd-udevd: uninitialized urandom read (16 bytes read)
[   26.940430] random: systemd-udevd: uninitialized urandom read (16 bytes read)
[   26.940483] sd 2:0:0:0: [sda] 20971520 512-byte logical blocks: (10.7 GB/10.0 GiB)
[   26.940517] sd 2:0:1:0: [sdb] 20480 512-byte logical blocks: (10.5 MB/10.0 MiB)
[   27.093101] sd 2:0:0:0: [sda] Write Protect is off
[   27.093136] sd 2:0:1:0: [sdb] Write Protect is off
[   27.510661] sd 2:0:0:0: [sda] Incomplete mode parameter data
[   27.599134] sd 2:0:0:0: [sda] Assuming drive cache: write through
[   27.599240] sd 2:0:1:0: [sdb] Incomplete mode parameter data
[   27.599241] sd 2:0:1:0: [sdb] Assuming drive cache: write through
[   27.607564] sd 2:0:1:0: [sdb] Attached SCSI disk
[   27.976222]  sda: sda1
[   28.188337] sd 2:0:0:0: [sda] Attached SCSI disk
Begin: Loading essential drivers ... [   29.840088] raid6: sse2x1   gen()  5356 MB/s
[   29.932249] raid6: sse2x1   xor()  8842 MB/s
[   30.068244] raid6: sse2x2   gen() 15237 MB/s
[   30.208271] raid6: sse2x2   xor() 10082 MB/s
[   30.328174] raid6: sse2x4   gen() 16960 MB/s
[   30.432242] raid6: sse2x4   xor() 10893 MB/s
[   30.540280] raid6: avx2x1   gen() 24983 MB/s
[   30.648232] raid6: avx2x1   xor() 17250 MB/s
[   30.720013] raid6: avx2x2   gen() 29549 MB/s
[   30.808273] raid6: avx2x2   xor() 18914 MB/s
[   30.912070] raid6: avx2x4   gen() 21585 MB/s
[   31.004133] raid6: avx2x4   xor() 20996 MB/s
[   31.080368] raid6: using algorithm avx2x2 gen() 29549 MB/s
[   31.184373] raid6: .... xor() 18914 MB/s, rmw enabled
[   31.285920] raid6: using avx2x2 recovery algorithm
[   31.354187] xor: automatically using best checksumming function   avx       
[   31.530714] async_tx: api initialized (async)
done.
Begin: Running /[   31.686770] Btrfs loaded, crc32c=crc32c-intel
scripts/init-premount ... done.
Begin: Mounting root file system ... Begin: Running /scripts/local-top ... done.
Begin: Running /scripts/local-premount ... Scanning for Btrfs filesystems
done.
Warning: fsck no[   31.753699] EXT4-fs (sda1): mounted filesystem with ordered data mode. Opts: (null)
t present, so skipping root file system
done.
Begin: Running /scripts/local-bottom ... done.
Begin: Running /scripts/init-bottom ... done.
[   32.174223] ip_tables: (C) 2000-2006 Netfilter Core Team
[   32.349290] systemd[1]: systemd 237 running in system mode. (+PAM +AUDIT +SELINUX +IMA +APPARMOR +SMACK +SYSVINIT +UTMP +LIBCRYPTSETUP +GCRYPT +GNUTLS +ACL +XZ +LZ4 +SECCOMP +BLKID +ELFUTILS +KMOD -IDN2 +IDN -PCRE2 default-hierarchy=hybrid)
[   32.827285] systemd[1]: Detected virtualization oracle.
[   32.925668] systemd[1]: Detected architecture x86-64.

Welcome to [1mUbuntu 18.04.1 LTS[0m!

[   33.083000] systemd[1]: Set hostname to <ubuntu-bionic>.
[   33.414215] systemd[1]: Set up automount Arbitrary Executable File Formats File System Automount Point.
[[0;32m  OK  [0m] Set up automount Arbitrary Executab…rmats File System Automount Point.
[   33.853670] systemd[1]: Started Forward Password Requests to Wall Directory Watch.
[[0;32m  OK  [0m] Started Forward Password Requests to Wall Directory Watch.
[   34.211724] systemd[1]: Created slice User and Session Slice.
[[0;32m  OK  [0m] Created slice User and Session Slice.
[   34.280842] systemd[1]: Created slice System Slice.
[[0;32m  OK  [0m] Created slice System Slice.
[   34.408651] systemd[1]: Listening on Network Service Netlink Socket.
[[0;32m  OK  [0m] Listening on Network Service Netlink Socket.
[   34.504944] systemd[1]: Listening on Journal Socket (/dev/log).
[[0;32m  OK  [0m] Listening on Journal Socket (/dev/log).
[[0;32m  OK  [0m] Reached target Slices.
[[0;32m  OK  [0m] Listening on Device-mapper event daemon FIFOs.
[[0;32m  OK  [0m] Listening on udev Kernel Socket.
[[0;32m  OK  [0m] Listening on Syslog Socket.
[[0;32m  OK  [0m] Listening on udev Control Socket.
[[0;32m  OK  [0m] Listening on Journal Audit Socket.
[[0;32m  OK  [0m] Listening on Journal Socket.
         Starting Journal Service...
         Starting Remount Root and Kernel[   35.038276] EXT4-fs (sda1): re-mounted. Opts: (null)
 File Systems...
         Starting Uncomplicated firewall...
         Starting udev Coldplug all Devices...
         Mounting POSIX Message Queue File System...
         Mounting Huge Pages File System...
[[0;32m  OK  [0m] Listening on LVM2 metadata daemon socket.
         [   35.357070] random: crng init done
Starting Monitor[   35.368910] random: 7 urandom warning(s) missed due to ratelimiting
ing of LVM2 mirrors…ng dmeventd or progress polling...
[[0;32m  OK  [0m] Created slice system-serial\x2dgetty.slice.
         Starting Set the console keyboard layout...
         Starting Create list of required st…ce nodes for the current kernel...
[[0;32m  OK  [0m] Reached target System Time Synchronized.
[[0;32m  OK  [0m] Reached target Swap.
[[0;32m  OK  [0m] Listening on LVM2 poll daemon socket.
         Starting Load Kernel Modules...
         [   35.747713] Loading iSCSI transport class v2.0-870.
Mounting Kernel [   35.830637] iscsi: registered transport (tcp)
Debug File System...
[[0;32m  OK  [0[   35.906338] iscsi: registered transport (iser)
m] Reached target User and Group Name Lookups.
[[0;32m  OK  [0m] Listening on /dev/initctl Compatibility Named Pipe.
[[0;32m  OK  [0m] Started Journal Service.
[[0;32m  OK  [0m] Started Remount Root and Kernel File Systems.
[[0;32m  OK  [0m] Started Uncomplicated firewall.
[[0;32m  OK  [0m] Mounted POSIX Message Queue File System.
[[0;32m  OK  [0m] Mounted Huge Pages File System.
[[0;32m  OK  [0m] Started Set the console keyboard layout.
[[0;32m  OK  [0m] Started Create list of required sta…vice nodes for the current kernel.
[[0;32m  OK  [0m] Started Load Kernel Modules.
[[0;32m  OK  [0m] Mounted Kernel Debug File System.
[[0;32m  OK  [0m] Started udev Coldplug all Devices.
[[0;32m  OK  [0m] Started LVM2 metadata daemon.
         Mounting FUSE Control File System...
         Starting Apply Kernel Variables...
         Mounting Kernel Configuration File System...
         Starting Create Static Device Nodes in /dev...
         Starting Load/Save Random Seed...
         Starting Initial cloud-init job (pre-networking)...
         Starting Flush Journal to Persistent Storage...
[[0;32m  OK  [0m] Started Monitoring of LVM2 mirrors,…sing dmeventd or progress polling.
[[0;32m  OK  [0m] Mounted FUSE Control File System.
[[0;32m  OK  [0m] Started Apply Kernel Variables.
[[0;32m  OK  [0m] Mounted Kernel Configuration File System.
[[0;32m  OK  [0m] Started Create Static Device Nodes in /dev.
[[0;32m  OK  [0m] Started Load/Save Random Seed.
         Starting udev Kernel Device Manager...
[[0;32m  OK  [0m] Reached target Local File Systems (Pre).
[[0;32m  OK  [0m] Reached target Local File Systems.
         Starting AppArmor initialization...
         Starting ebtables ruleset management...
         Starting Tell Plymouth To Write Out Runtime Data...
         Starting Set console font and keymap...
[[0;32m  OK  [0m] Started udev Kernel Device Manager.
[[0;32m  OK  [0m] Started Tell Plymouth To Write Out Runtime Data.
[[0;32m  OK  [0m] Started Flush Journal to Persistent Storage.
[[0;32m  OK  [0m] Started Set console font and keymap.
[[0;32m  OK  [0m] Found device /dev/ttyS0.
         Starting Create Volatile Files and Directories...
[[0;32m  OK  [0m] Started Dispatch Password Requests to Console Directory Watch.
[[0;32m  OK  [0m] Reached target Local Encrypted Volumes.
[[0;32m  OK  [0m] Started ebtables ruleset management.
[[0;32m  OK  [0m] Started Create Volatile Files and Directories.
[[0;32m  OK  [0m] Listening on Load/Save RF Kill Switch Status /dev/rfkill Watch.
         Starting Update UTMP about System Boot/Shutdown...
[[0;32m  OK  [0m] Started Update UTMP about System Boot/Shutdown.
[[0;32m  OK  [0m] Started AppArmor initialization.
[   38.606283] cloud-init[432]: Cloud-init v. 18.2 running 'init-local' at Wed, 19 Sep 2018 11:58:27 +0000. Up 38.29 seconds.
[[0;32m  OK  [0m] Started Initial cloud-init job (pre-networking).
[[0;32m  OK  [0m] Reached target Network (Pre).
         Starting Network Service...
[[0;32m  OK  [0m] Started Network Service.
         Starting Network Name Resolution...
         Starting Wait for Network to be Configured...
[[0;32m  OK  [0m] Started Network Name Resolution.
[[0;32m  OK  [0m] Reached target Host and Network Name Lookups.
[[0;32m  OK  [0m] Reached target Network.
[[0;32m  OK  [0m] Started Wait for Network to be Configured.
         Starting Initial cloud-init job (metadata service crawler)...
[   41.658083] cloud-init[672]: Cloud-init v. 18.2 running 'init' at Wed, 19 Sep 2018 11:58:30 +0000. Up 41.23 seconds.
[   41.687421] cloud-init[672]: ci-info: ++++++++++++++++++++++++++++++++++++++Net device info+++++++++++++++++++++++++++++++++++++++
[[0;32m  OK  [0m] Started Initial cloud-init job (metadata service crawler).
[   41.752124] [[0;32m  OK  [0m] Reached target System Initialization.
cloud-init[672]: ci-info: +--------+------+-----------------------------+---------------+--------+-------------------+
[[0;32m  OK  [0m] Started ACPI Events Check.
[[0;32m  OK  [0m] Reached target Paths.
[   41.853971] cloud-init[672]: ci-info: | Device |  Up  |           Address           |      Mask     | Scope  |     Hw-Address    |
         Starting LXD - unix socket.
[   42.007886] cloud-init[672]: ci-info: +--------+------+-----------------------------+---------------+--------+-------------------+
[[0;32m  OK  [0m] Started Daily apt download activities.
[   42.062121] cloud-init[672]: ci-info: | enp0s3 | True |          10.0.2.15          | 255.255.255.0 | global | 02:bb:34:5d:fb:cd |
[[0;32m  OK  [0m] Started Daily apt upgrade and clean activities.
[   42.109352] [cloud-init[0;32m  OK  [0m[672]: ] ci-info: | enp0s3 | True |  fe80::bb:34ff:fe5d:fbcd/64 |       .       |  link  | 02:bb:34:5d:fb:cd |Started Discard unused blocks once a week.

[[0;32m  OK  [0m] Listening on UUID daemon activation socket.
[   42.424571] [cloud-init[0;32m  OK  [0m[672]: ] ci-info: | enp0s8 | True |        192.168.33.10        | 255.255.255.0 | global | 08:00:27:5d:20:d6 |Started Daily Cleanup of Temporary Directories.

[[0;32m  OK  [0m] Listening on ACPID Listen Socket.
[   42.677883] cloud-init[672]: ci-info: | enp0s8 | True | fe80::a00:27ff:fe5d:20d6/64 |       .       |  link  | 08:00:27:5d:20:d6 |
         Starting Socket activation for snappy daemon.
[   42.862576] [cloud-init[0;32m  OK  [0m[672]: ] ci-info: |   lo   | True |          127.0.0.1          |   255.0.0.0   |  host  |         .         |Started Message of the Day.

[[0;32m  OK  [0m] Reached target Timers.
[   43.084809] [cloud-init[0;32m  OK  [0m[672]: ] ci-info: |   lo   | True |           ::1/128           |       .       |  host  |         .         |Listening on D-Bus System Message Bus Socket.

[[0;32m  OK  [0m] Reached target Network is Online.
[   43.135689] cloud-init[672]: ci-info: +--------+------+-----------------------------+---------------+--------+-------------------+
         Starting iSCSI initiator daemon (iscsid)...
[[0;32m  OK  [0m] Reached target Cloud-config availability.
[[0;32m  OK  [0m] Listening on LXD - unix socket.
[[0;32m  OK  [0m] Listening on Socket activation for snappy daemon.
[   43.223033] cloud-init[672]: ci-info: +++++++++++++++++++++++++++++Route IPv4 info+++++++++++++++++++++++++++++
[[0;32m  OK  [0m] Reached target Sockets.
[[0;32m  OK  [0m] Reached target Basic System.
[   43.562803] cloud-init[672]: ci-info: +-------+--------------+----------+-----------------+-----------+-------+
[[0;32m  OK  [0m] Started FUSE filesystem for LXC.
[   43.795029] cloud-init[672]: ci-info: | Route | Destination  | Gateway  |     Genmask     | Interface | Flags |
         Starting Dispatcher daemon for systemd-networkd...
[   43.998764] cloud-init[672]: ci-info: +-------+--------------+----------+-----------------+-----------+-------+
         Starting Login Service...
[   44.170178] cloud-init[672]: ci-info: |   0   |   0.0.0.0    | 10.0.2.2 |     0.0.0.0     |   enp0s3  |   UG  |
         Starting System Logging Service...
[   44.250923] cloud-init[672]: ci-info: |   1   |   10.0.2.0   | 0.0.0.0  |  255.255.255.0  |   enp0s3  |   U   |
[[0;32m  OK  [0m] Started irqbalance daemon.
[   44.334841] cloud-init[672]: ci-info: |   2   |   10.0.2.2   | 0.0.0.0  | 255.255.255.255 |   enp0s3  |   UH  |
         Starting Apply the settings specified in cloud-config...
[   44.422986] cloud-init[672]: ci-info: |   3   | 192.168.33.0 | 0.0.0.0  |  255.255.255.0  |   enp0s8  |   U   |
[[0;32m  OK  [0m] Started Regular background program processing daemon.
[   44.646357] cloud-init[672]: ci-info: +-------+--------------+----------+-----------------+-----------+-------+
[   44.650918] cloud-init[672]: ci-info: +++++++++++++++++++Route IPv6 info+++++++++++++++++++
         Starting OpenBSD Secure Shell server...
[[0;32m  OK  [0m] Started Deferred execution scheduler.
[[0;32m  OK  [0m] Started Unattended Upgrades Shutdown.
[   44.669228] cloud-init[672]: ci-info: +-------+-------------+---------+-----------+-------+
         Starting Snappy daemon...
[   44.838583] cloud-init[672]: ci-info: | Route | Destination | Gateway | Interface | Flags |
         [   44.944777] Starting Accounts Service...cloud-init
[672]: ci-info: +-------+-------------+---------+-----------+-------+
         [   45.108867] Starting Virtualbox guest utils...cloud-init[672]: ci-info: |   1   |  fe80::/64  |    ::   |   enp0s8  |   U   |

[   45.248780] cloud-init[672]: ci-info: |   2   |  fe80::/64  |    ::   |   enp0s3  |   U   |
[   45.249060] cloud-init[672]: ci-info: |   4   |    local    |    ::   |   enp0s3  |   U   |
[[0;32m  OK  [0m] Started D-Bus System Message Bus.
[   45.249493] cloud-init[672]: ci-info: |   5   |    local    |    ::   |   enp0s8  |   U   |
[[   45.432563] cloud-init[672]: ci-info: |   6   |   ff00::/8  |    ::   |   enp0s8  |   U   |
[   45.433036] cloud-init[672]: ci-info: |   7   |   ff00::/8  |    ::   |   enp0s3  |   U   |
[0;32m  OK  [0m] Started Login Service.
[   45.433551] cloud-init[672]: ci-info: +-------+-------------+---------+-----------+-------+
         Starting LSB: Record successful boot for GRUB...
         Starting LXD - container startup/shutdown...
[[0;32m  OK  [0m] Started System Logging Service.
[[0;32m  OK  [0m] Started Snappy daemon.
[[0;32m  OK  [0m[   45.745781] ] cloud-init[850]: Cloud-init v. 18.2 running 'modules:config' at Wed, 19 Sep 2018 11:58:34 +0000. Up 44.76 seconds.
Started Dispatcher daemon for systemd-networkd.
[[0;32m  OK  [0m] Started iSCSI initiator daemon (iscsid).
[[0;32m  OK  [0m] Started Apply the settings specified in cloud-config.
[[0;32m  OK  [0m] Started LXD - container startup/shutdown.
[[0;32m  OK  [0m] Started OpenBSD Secure Shell server.
         Starting Authorization Manager...
         Starting Availability of block devices...
[[0;32m  OK  [0m] Reached target Remote File Systems (Pre).
[[0;32m  OK  [0m] Reached target Remote File Systems.
         Starting LSB: automatic crash report generation...
         Starting Permit User Sessions...
         Starting Wait until snapd is fully seeded...
[[0;32m  OK  [0m] Started Virtualbox guest utils.
[[0;32m  OK  [0m] Started LSB: Record successful boot for GRUB.
[[0;32m  OK  [0m] Started Availability of block devices.
[[0;32m  OK  [0m] Started Permit User Sessions.
[[0;32m  OK  [0m] Started Wait until snapd is fully seeded.
[[0;32m  OK  [0m] Started Authorization Manager.
[[0;32m  OK  [0m] Started Accounts Service.
[[0;32m  OK  [0m] Created slice User Slice of vagrant.
         Starting Hold until boot process finishes up...
         Starting Terminate Plymouth Boot Screen...
[[0;32m  OK  [0m] Started LSB: automatic crash report generation.
[[0;32m  OK  [0m] Started Hold until boot process finishes up.
[[0;32m  OK  [0m] Started Terminate Plymouth Boot Screen.
[[0;32m  OK  [0m] Started Session 1 of user vagrant.
         Starting User Manager for UID 1000...
         Starting Set console scheme...
[[0;32m  OK  [0m] Started Serial Getty on ttyS0.
[[0;32m  OK  [0m] Started User Manager for UID 1000.
[[0;32m  OK  [0m] Started Set console scheme.
[[0;32m  OK  [0m] Created slice system-getty.slice.
[[0;32m  OK  [0m] Started Getty on tty1.
[[0;32m  OK  [0m] Reached target Login Prompts.
[[0;32m  OK  [0m] Reached target Multi-User System.
[[0;32m  OK  [0m] Reached target Graphical Interface.
         Starting Update UTMP about System Runlevel Changes...
         Starting Execute cloud user/final scripts...
[[0;32m  OK  [0m] Started Update UTMP about System Runlevel Changes.
[   47.345564] cloud-init[1286]: Cloud-init v. 18.2 running 'modules:final' at Wed, 19 Sep 2018 11:58:36 +0000. Up 47.15 seconds.
[[   47.476633] cloud-init[1286]: Cloud-init v. 18.2 finished at Wed, 19 Sep 2018 11:58:36 +0000. Datasource DataSourceNoCloud [seed=/dev/sdb][dsmode=net].  Up 47.33 seconds
[0;32m  OK  [0m] Started Execute cloud user/final scripts.
         Starting Daily apt download activities...
[[0;32m  OK  [0m] Reached target Cloud-init target.
[[0;32m  OK  [0m] Stopped Wait for Network to be Configured.
         Stopping Network Service...
         Starting Network Service...
[[0;32m  OK  [0m] Started Network Service.
         Stopping User Manager for UID 1000...
[[0;32m  OK  [0m] Stopped User Manager for UID 1000.
[[0;32m  OK  [0m] Removed slice User Slice of vagrant.

Ubuntu 18.04.1 LTS ubuntu-bionic ttyS0

ubuntu-bionic login:          Stopping Availab[[0;32m  OK  [0m] Stopped target Cloud-config availability.
[[0;32m  OK  [0m] Unmounted /var/lib/lxcfs.
[[0;32m  OK  [0m] Stopped Dispatcher daemon for systemd-networkd.
[[0;32m  OK  [0m] Stopped System Logging Service.
[[0;32m  OK  [0m] Stopped irqbalance daemon.
[[0;32m  OK  [0m] Stopped Regular background program processing daemon.
[[0;32m  OK  [0m] Stopped Deferred execution scheduler.
[[0;32m  OK  [0m] Stopped Snappy daemon.
[[0;32m  OK  [0m] Stopped Accounts Service.
[[0;32m  OK  [0m] Stopped OpenBSD Secure Shell server.
[[0;32m  OK  [0m] Stopped Authorization Manager.
[[0;32m  OK  [0m] Stopped Serial Getty on ttyS0.
[[0;32m  OK  [0m] Stopped Getty on tty1.
[[0;32m  OK  [0m] Stopped User Manager for UID 1000.
[[0;32m  OK  [0m] Stopped Availability of block devices.
[[0;32m  OK  [0m] Stopped Unattended Upgrades Shutdown.
[[0;32m  OK  [0m] Stopped D-Bus System Message Bus.
[[0;32m  OK  [0m] Stopped FUSE filesystem for LXC.
[[0;32m  OK  [0m] Stopped Session 6 of user vagrant.
[[0;32m  OK  [0m] Removed slice User Slice of vagrant.
         Stopping Login Service...
[[0;32m  OK  [0m] Removed slice system-getty.slice.
[[0;32m  OK  [0m] Removed slice system-serial\x2dgetty.slice.
         Stopping Permit User Sessions...
[[0;32m  OK  [0m] Stopped Login Service.
[[0;32m  OK  [0m] Stopped LXD - container startup/shutdown.
[[0;32m  OK  [0m] Stopped Permit User Sessions.
[[0;32m  OK  [0m] Stopped target User and Group Name Lookups.
[[0;32m  OK  [0m] Stopped Virtualbox guest utils.
[[0;32m  OK  [0m] Stopped LSB: Record successful boot for GRUB.
[[0;32m  OK  [0m] Stopped LSB: automatic crash report generation.
[[0;32m  OK  [0m] Stopped target Remote File Systems.
[[0;32m  OK  [0m] Stopped target Remote File Systems (Pre).
         Stopping iSCSI initiator daemon (iscsid)...
[[0;32m  OK  [0m] Stopped target Basic System.
[[0;32m  OK  [0m] Stopped target Sockets.
[[0;32m  OK  [0m] Closed UUID daemon activation socket.
[[0;32m  OK  [0m] Closed Syslog Socket.
[[0;32m  OK  [0m] Closed LXD - unix socket.
[[0;32m  OK  [0m] Closed ACPID Listen Socket.
[[0;32m  OK  [0m] Closed Socket activation for snappy daemon.
[[0;32m  OK  [0m] Closed D-Bus System Message Bus Socket.
[[0;32m  OK  [0m] Stopped target Paths.
[[0;32m  OK  [0m] Stopped ACPI Events Check.
[[0;32m  OK  [0m] Stopped target Slices.
[[0;32m  OK  [0m] Removed slice User and Session Slice.
[[0;32m  OK  [0m] Stopped target System Initialization.
         Stopping Update UTMP about System Boot/Shutdown...
         Stopping Load/Save Random Seed...
[[0;32m  OK  [0m] Stopped target Local Encrypted Volumes.
[[0;32m  OK  [0m] Stopped Dispatch Password Requests to Console Directory Watch.
[[0;32m  OK  [0m] Stopped Forward Password Requests to Wall Directory Watch.
[[0;32m  OK  [0m] Stopped iSCSI initiator daemon (iscsid).
[[0;32m  OK  [0m] Stopped Load/Save Random Seed.
[[0;32m  OK  [0m] Stopped target Network is Online.
[[0;32m  OK  [0m] Stopped target Network.
         Stopping Network Name Resolution...
[[0;32m  OK  [0m] Stopped Initial cloud-init job (metadata service crawler).
[[0;32m  OK  [0m] Stopped Network NameeResolution.
[[0;32m  OK  [0m] Stopped Update UTMP about System Boot/Shutdown.
[[0;32m  OK  [0m] Stopped Create Volatile Files and Directories.
[[0;32m  OK  [0m] Stopped target Local File Systems.
         Unmounting /run/user/1000...
         Unmounting /vagrant...
         Stopping Network Service...
[[0;32m  OK  [0m] Unmounted /run/user/1000.
[[0;32m  OK  [0m] Unmounted /vagrant.
[[0;32m  OK  [0m] Stopped Network Service.
[[0;32m  OK  [0m] Stopped target Network (Pre).
[[0;32m  OK  [0m] Stopped Initial cloud-init job (pre-networking).
[[0;32m  OK  [0m] Stopped Apply Kernel Variables.
[[0;32m  OK  [0m] Stopped Load Kernel Modules.
[[0;32m  OK  [0m] Reached target Unmount All Filesystems.
[[0;32m  OK  [0m] Stopped target Swap.
[[0;32m  OK  [0m] Stopped target Local File Systems (Pre).
         Stopping Monitoring of LVM2 mirrors…ng dmeventd or progress polling...
[[0;32m  OK  [0m] Stopped Create Static Device Nodes in /dev.
[[0;32m  OK  [0m] Stopped Remount Root and Kernel File Systems.
[[0;32m  OK  [0m] Reached target Shutdown.
[[0;32m  OK  [0m] Reached target Final Step.
         Starting Power-Off...
[[0;32m  OK  [0m] Stopped Monitoring of LVM2 mirrors,…sing dmeventd or progress polling.
         Stopping LVM2 metadata daemon...
[[0;32m  OK  [0m] Stopped LVM2 metadata daemon.
[ 3437.208522] reboot: Power down
